<?xml version="1.0" encoding="UTF-8"?>
<testng-results ignored="0" total="1" passed="1" failed="0" skipped="0">
  <reporter-output>
  </reporter-output>
  <suite started-at="2024-11-19T11:17:42 IST" name="Default suite" finished-at="2024-11-19T11:18:31 IST" duration-ms="49252">
    <groups>
    </groups>
    <test started-at="2024-11-19T11:17:42 IST" name="Default test" finished-at="2024-11-19T11:18:31 IST" duration-ms="49252">
      <class name="com.ShoppersStack_Rushi_Test_Scripts.TC_003_Verify_user_is_able_to_PlaceAnOrder_or_notTest">
        <test-method is-config="true" signature="beforeSuite()[pri:0, instance:com.ShoppersStack_Rushi_Test_Scripts.TC_003_Verify_user_is_able_to_PlaceAnOrder_or_notTest@7586beff]" started-at="2024-11-19T11:17:42 IST" name="beforeSuite" finished-at="2024-11-19T11:17:42 IST" duration-ms="11" status="PASS">
          <reporter-output>
          </reporter-output>
        </test-method> <!-- beforeSuite -->
        <test-method is-config="true" signature="beforeTest()[pri:0, instance:com.ShoppersStack_Rushi_Test_Scripts.TC_003_Verify_user_is_able_to_PlaceAnOrder_or_notTest@7586beff]" started-at="2024-11-19T11:17:42 IST" name="beforeTest" finished-at="2024-11-19T11:17:42 IST" duration-ms="260" status="PASS">
          <reporter-output>
          </reporter-output>
        </test-method> <!-- beforeTest -->
        <test-method is-config="true" signature="beforeClass()[pri:0, instance:com.ShoppersStack_Rushi_Test_Scripts.TC_003_Verify_user_is_able_to_PlaceAnOrder_or_notTest@7586beff]" started-at="2024-11-19T11:17:42 IST" name="beforeClass" finished-at="2024-11-19T11:17:47 IST" duration-ms="4373" status="PASS">
          <reporter-output>
          </reporter-output>
        </test-method> <!-- beforeClass -->
        <test-method is-config="true" signature="beforeMethod()[pri:0, instance:com.ShoppersStack_Rushi_Test_Scripts.TC_003_Verify_user_is_able_to_PlaceAnOrder_or_notTest@7586beff]" started-at="2024-11-19T11:17:47 IST" name="beforeMethod" finished-at="2024-11-19T11:17:59 IST" duration-ms="12776" status="PASS">
          <reporter-output>
          </reporter-output>
        </test-method> <!-- beforeMethod -->
        <test-method signature="placeAnOrder()[pri:0, instance:com.ShoppersStack_Rushi_Test_Scripts.TC_003_Verify_user_is_able_to_PlaceAnOrder_or_notTest@7586beff]" started-at="2024-11-19T11:17:59 IST" name="placeAnOrder" finished-at="2024-11-19T11:18:26 IST" duration-ms="26709" status="PASS">
          <reporter-output>
          </reporter-output>
        </test-method> <!-- placeAnOrder -->
        <test-method is-config="true" signature="afterMethod()[pri:0, instance:com.ShoppersStack_Rushi_Test_Scripts.TC_003_Verify_user_is_able_to_PlaceAnOrder_or_notTest@7586beff]" started-at="2024-11-19T11:18:26 IST" name="afterMethod" finished-at="2024-11-19T11:18:27 IST" duration-ms="929" status="PASS">
          <reporter-output>
          </reporter-output>
        </test-method> <!-- afterMethod -->
        <test-method is-config="true" signature="afterClass()[pri:0, instance:com.ShoppersStack_Rushi_Test_Scripts.TC_003_Verify_user_is_able_to_PlaceAnOrder_or_notTest@7586beff]" started-at="2024-11-19T11:18:27 IST" name="afterClass" finished-at="2024-11-19T11:18:30 IST" duration-ms="3411" status="PASS">
          <reporter-output>
          </reporter-output>
        </test-method> <!-- afterClass -->
        <test-method is-config="true" signature="afterTest()[pri:0, instance:com.ShoppersStack_Rushi_Test_Scripts.TC_003_Verify_user_is_able_to_PlaceAnOrder_or_notTest@7586beff]" started-at="2024-11-19T11:18:30 IST" name="afterTest" finished-at="2024-11-19T11:18:31 IST" duration-ms="732" status="PASS">
          <reporter-output>
          </reporter-output>
        </test-method> <!-- afterTest -->
        <test-method is-config="true" signature="afterSuite()[pri:0, instance:com.ShoppersStack_Rushi_Test_Scripts.TC_003_Verify_user_is_able_to_PlaceAnOrder_or_notTest@7586beff]" started-at="2024-11-19T11:18:31 IST" name="afterSuite" finished-at="2024-11-19T11:18:31 IST" duration-ms="2" status="PASS">
          <reporter-output>
          </reporter-output>
        </test-method> <!-- afterSuite -->
      </class> <!-- com.ShoppersStack_Rushi_Test_Scripts.TC_003_Verify_user_is_able_to_PlaceAnOrder_or_notTest -->
    </test> <!-- Default test -->
  </suite> <!-- Default suite -->
</testng-results>
